<?xml version="1.0" encoding="UTF-8"?>
<testsuite name="PigLatinTranslatorTest" tests="22" skipped="0" failures="0" errors="0" timestamp="2018-09-19T01:42:59" hostname="C02TC1QMGTDX" time="0.054">
  <properties/>
  <testcase name="testYtTreatedLikeAConsonantAtTheBeginningOfAWord" classname="PigLatinTranslatorTest" time="0.004"/>
  <testcase name="testYAsSecondLetterInTwoLetterWord" classname="PigLatinTranslatorTest" time="0.02"/>
  <testcase name="testAWholePhrase" classname="PigLatinTranslatorTest" time="0.001"/>
  <testcase name="testWordBeginningWithQWithoutAFollowingU" classname="PigLatinTranslatorTest" time="0.001"/>
  <testcase name="testWordBeginningWithA" classname="PigLatinTranslatorTest" time="0.0"/>
  <testcase name="testWordBeginningWithE" classname="PigLatinTranslatorTest" time="0.001"/>
  <testcase name="testWordBeginningWithI" classname="PigLatinTranslatorTest" time="0.001"/>
  <testcase name="testWordBeginningWithK" classname="PigLatinTranslatorTest" time="0.0"/>
  <testcase name="testWordBeginningWithO" classname="PigLatinTranslatorTest" time="0.001"/>
  <testcase name="testWordBeginningWithP" classname="PigLatinTranslatorTest" time="0.001"/>
  <testcase name="testWordBeginningWithU" classname="PigLatinTranslatorTest" time="0.0"/>
  <testcase name="testWordBeginningWithX" classname="PigLatinTranslatorTest" time="0.0"/>
  <testcase name="testYTreatedLikeAConsonantAtTheBeginningOfAWord" classname="PigLatinTranslatorTest" time="0.001"/>
  <testcase name="testQuAndAPrecedingConsonantTreatedLikeAConsonantAtTheBeginningOfAWord" classname="PigLatinTranslatorTest" time="0.001"/>
  <testcase name="testWordBeginningWithVowelAndFollowedByQu" classname="PigLatinTranslatorTest" time="0.001"/>
  <testcase name="testThTreatedLikeAConsonantAtTheBeginningOfAWord" classname="PigLatinTranslatorTest" time="0.002"/>
  <testcase name="testXrTreatedLikeAConsonantAtTheBeginningOfAWord" classname="PigLatinTranslatorTest" time="0.001"/>
  <testcase name="testSchTreatedLikeAConsonantAtTheBeginningOfAWord" classname="PigLatinTranslatorTest" time="0.0"/>
  <testcase name="testChTreatedLikeAConsonantAtTheBeginningOfAWord" classname="PigLatinTranslatorTest" time="0.001"/>
  <testcase name="testYTreatedLikeAVowelAtTheEndOfAConsonantCluster" classname="PigLatinTranslatorTest" time="0.0"/>
  <testcase name="testQuTreatedLikeAConsonantAtTheBeginningOfAWord" classname="PigLatinTranslatorTest" time="0.0"/>
  <testcase name="testThrTreatedLikeAConsonantAtTheBeginningOfAWord" classname="PigLatinTranslatorTest" time="0.001"/>
  <system-out><![CDATA[]]></system-out>
  <system-err><![CDATA[]]></system-err>
</testsuite>
